
*** Running vivado
    with args -log fsm.vds -m64 -product Vivado -mode batch -messageDb vivado.pb -notrace -source fsm.tcl


ECHO est  desactivado.
ECHO est  desactivado.

****** Vivado v2023.2 (64-bit)
  **** SW Build 4029153 on Fri Oct 13 20:14:34 MDT 2023
  **** IP Build 4028589 on Sat Oct 14 00:45:43 MDT 2023
  **** SharedData Build 4025554 on Tue Oct 10 17:18:54 MDT 2023
    ** Copyright 1986-2022 Xilinx, Inc. All Rights Reserved.
    ** Copyright 2022-2023 Advanced Micro Devices, Inc. All Rights Reserved.

source fsm.tcl -notrace
WARNING: [Common 17-1361] You have specified a new message control rule that is equivalent to an existing rule with attributes ' -id {17-179}  -suppress '. The existing rule will be replaced.
WARNING: [Common 17-1361] You have specified a new message control rule that is equivalent to an existing rule with attributes ' -id {17-179}  -suppress '. The existing rule will be replaced.
WARNING: [Common 17-1361] You have specified a new message control rule that is equivalent to an existing rule with attributes ' -id {17-179}  -suppress '. The existing rule will be replaced.
WARNING: [Common 17-1361] You have specified a new message control rule that is equivalent to an existing rule with attributes ' -id {17-179}  -suppress '. The existing rule will be replaced.
WARNING: [Common 17-1361] You have specified a new message control rule that is equivalent to an existing rule with attributes ' -id {17-179}  -suppress '. The existing rule will be replaced.
WARNING: [Common 17-1361] You have specified a new message control rule that is equivalent to an existing rule with attributes ' -id {17-179}  -suppress '. The existing rule will be replaced.
WARNING: [Common 17-1361] You have specified a new message control rule that is equivalent to an existing rule with attributes ' -id {17-179}  -suppress '. The existing rule will be replaced.
WARNING: [Common 17-1361] You have specified a new message control rule that is equivalent to an existing rule with attributes ' -id {17-179}  -suppress '. The existing rule will be replaced.
WARNING: [Common 17-1361] You have specified a new message control rule that is equivalent to an existing rule with attributes ' -id {17-179}  -suppress '. The existing rule will be replaced.
WARNING: [Common 17-1361] You have specified a new message control rule that is equivalent to an existing rule with attributes ' -id {17-179}  -suppress '. The existing rule will be replaced.
WARNING: [Common 17-1361] You have specified a new message control rule that is equivalent to an existing rule with attributes ' -id {17-179}  -suppress '. The existing rule will be replaced.
WARNING: [Common 17-1361] You have specified a new message control rule that is equivalent to an existing rule with attributes ' -id {17-179}  -suppress '. The existing rule will be replaced.
WARNING: [Common 17-1361] You have specified a new message control rule that is equivalent to an existing rule with attributes ' -id {17-179}  -suppress '. The existing rule will be replaced.
WARNING: [Common 17-1361] You have specified a new message control rule that is equivalent to an existing rule with attributes ' -id {17-179}  -suppress '. The existing rule will be replaced.
WARNING: [Common 17-1361] You have specified a new message control rule that is equivalent to an existing rule with attributes ' -id {17-179}  -suppress '. The existing rule will be replaced.
WARNING: [Common 17-1361] You have specified a new message control rule that is equivalent to an existing rule with attributes ' -id {17-179}  -suppress '. The existing rule will be replaced.
WARNING: [Common 17-1361] You have specified a new message control rule that is equivalent to an existing rule with attributes ' -id {17-179}  -suppress '. The existing rule will be replaced.
WARNING: [Common 17-1361] You have specified a new message control rule that is equivalent to an existing rule with attributes ' -id {17-179}  -suppress '. The existing rule will be replaced.
WARNING: [Common 17-1361] You have specified a new message control rule that is equivalent to an existing rule with attributes ' -id {17-179}  -suppress '. The existing rule will be replaced.
WARNING: [Common 17-1361] You have specified a new message control rule that is equivalent to an existing rule with attributes ' -id {17-179}  -suppress '. The existing rule will be replaced.
WARNING: [Common 17-1361] You have specified a new message control rule that is equivalent to an existing rule with attributes ' -id {17-179}  -suppress '. The existing rule will be replaced.
WARNING: [Common 17-1361] You have specified a new message control rule that is equivalent to an existing rule with attributes ' -id {17-179}  -suppress '. The existing rule will be replaced.
create_project: Time (s): cpu = 00:00:08 ; elapsed = 00:00:09 . Memory (MB): peak = 472.371 ; gain = 177.707
Command: read_checkpoint -auto_incremental -incremental {C:/Users/gadol/Documents/Proyectos sistemas Digitales/ExamenFinal/ExamenFinal.srcs/utils_1/imports/synth_1/fsm.dcp}
INFO: [Vivado 12-5825] Read reference checkpoint from C:/Users/gadol/Documents/Proyectos sistemas Digitales/ExamenFinal/ExamenFinal.srcs/utils_1/imports/synth_1/fsm.dcp for incremental synthesis
INFO: [Vivado 12-7989] Please ensure there are no constraint changes
Command: synth_design -top fsm -part xc7a35tcpg236-1
Starting synth_design
Attempting to get a license for feature 'Synthesis' and/or device 'xc7a35t'
INFO: [Common 17-349] Got license for feature 'Synthesis' and/or device 'xc7a35t'
INFO: [Device 21-403] Loading part xc7a35tcpg236-1
INFO: [Designutils 20-5440] No compile time benefit to using incremental synthesis; A full resynthesis will be run
INFO: [Designutils 20-4379] Flow is switching to default flow due to incremental criteria not met. If you would like to alter this behaviour and have the flow terminate instead, please set the following parameter config_implementation {autoIncr.Synth.RejectBehavior Terminate}
INFO: [Synth 8-7079] Multithreading enabled for synth_design using a maximum of 2 processes.
INFO: [Synth 8-7078] Launching helper process for spawning children vivado processes
WARNING: [Common 17-1361] You have specified a new message control rule that is equivalent to an existing rule with attributes ' -id {17-179}  -suppress '. The existing rule will be replaced.
INFO: [Synth 8-7075] Helper process launched with PID 13696
---------------------------------------------------------------------------------
Starting RTL Elaboration : Time (s): cpu = 00:00:08 ; elapsed = 00:00:08 . Memory (MB): peak = 1309.383 ; gain = 439.625
---------------------------------------------------------------------------------
INFO: [Synth 8-11241] undeclared symbol 'internal_psc_clock', assumed default net type 'wire' [C:/Users/gadol/Documents/Proyectos sistemas Digitales/ExamenFinal/ExamenFinal.srcs/sources_1/new/top_fsm.sv:30]
INFO: [Synth 8-6157] synthesizing module 'fsm' [C:/Users/gadol/Documents/Proyectos sistemas Digitales/ExamenFinal/ExamenFinal.srcs/sources_1/new/top_fsm.sv:23]
INFO: [Synth 8-6157] synthesizing module 'clock' [C:/Users/gadol/Documents/Proyectos sistemas Digitales/ExamenFinal/ExamenFinal.srcs/sources_1/new/clock.sv:22]
INFO: [Synth 8-6155] done synthesizing module 'clock' (0#1) [C:/Users/gadol/Documents/Proyectos sistemas Digitales/ExamenFinal/ExamenFinal.srcs/sources_1/new/clock.sv:22]
INFO: [Synth 8-6157] synthesizing module 'fsm_logic' [C:/Users/gadol/Documents/Proyectos sistemas Digitales/ExamenFinal/ExamenFinal.srcs/sources_1/new/fsm.sv:1]
INFO: [Synth 8-226] default block is never used [C:/Users/gadol/Documents/Proyectos sistemas Digitales/ExamenFinal/ExamenFinal.srcs/sources_1/new/fsm.sv:22]
INFO: [Synth 8-226] default block is never used [C:/Users/gadol/Documents/Proyectos sistemas Digitales/ExamenFinal/ExamenFinal.srcs/sources_1/new/fsm.sv:53]
INFO: [Synth 8-6155] done synthesizing module 'fsm_logic' (0#1) [C:/Users/gadol/Documents/Proyectos sistemas Digitales/ExamenFinal/ExamenFinal.srcs/sources_1/new/fsm.sv:1]
INFO: [Synth 8-6155] done synthesizing module 'fsm' (0#1) [C:/Users/gadol/Documents/Proyectos sistemas Digitales/ExamenFinal/ExamenFinal.srcs/sources_1/new/top_fsm.sv:23]
WARNING: [Synth 8-7129] Port LED[7] in module fsm is either unconnected or has no load
WARNING: [Synth 8-7129] Port LED[3] in module fsm is either unconnected or has no load
---------------------------------------------------------------------------------
Finished RTL Elaboration : Time (s): cpu = 00:00:10 ; elapsed = 00:00:11 . Memory (MB): peak = 1417.234 ; gain = 547.477
---------------------------------------------------------------------------------
---------------------------------------------------------------------------------
Start Handling Custom Attributes
---------------------------------------------------------------------------------
---------------------------------------------------------------------------------
Finished Handling Custom Attributes : Time (s): cpu = 00:00:10 ; elapsed = 00:00:11 . Memory (MB): peak = 1417.234 ; gain = 547.477
---------------------------------------------------------------------------------
---------------------------------------------------------------------------------
Finished RTL Optimization Phase 1 : Time (s): cpu = 00:00:10 ; elapsed = 00:00:11 . Memory (MB): peak = 1417.234 ; gain = 547.477
---------------------------------------------------------------------------------
Netlist sorting complete. Time (s): cpu = 00:00:00 ; elapsed = 00:00:00.001 . Memory (MB): peak = 1417.234 ; gain = 0.000
INFO: [Project 1-570] Preparing netlist for logic optimization

Processing XDC Constraints
Initializing timing engine
Parsing XDC File [C:/Users/gadol/Documents/Proyectos sistemas Digitales/ExamenFinal/ExamenFinal.srcs/constrs_1/new/Basys3_Master.xdc]
WARNING: [Vivado 12-584] No ports matched 'sw[6]'. [C:/Users/gadol/Documents/Proyectos sistemas Digitales/ExamenFinal/ExamenFinal.srcs/constrs_1/new/Basys3_Master.xdc:25]
CRITICAL WARNING: [Common 17-55] 'set_property' expects at least one object. [C:/Users/gadol/Documents/Proyectos sistemas Digitales/ExamenFinal/ExamenFinal.srcs/constrs_1/new/Basys3_Master.xdc:25]
Resolution: If [get_<value>] was used to populate the object, check to make sure this command returns at least one valid object.
WARNING: [Vivado 12-584] No ports matched 'sw[6]'. [C:/Users/gadol/Documents/Proyectos sistemas Digitales/ExamenFinal/ExamenFinal.srcs/constrs_1/new/Basys3_Master.xdc:26]
CRITICAL WARNING: [Common 17-55] 'set_property' expects at least one object. [C:/Users/gadol/Documents/Proyectos sistemas Digitales/ExamenFinal/ExamenFinal.srcs/constrs_1/new/Basys3_Master.xdc:26]
Resolution: If [get_<value>] was used to populate the object, check to make sure this command returns at least one valid object.
WARNING: [Vivado 12-584] No ports matched 'sw[7]'. [C:/Users/gadol/Documents/Proyectos sistemas Digitales/ExamenFinal/ExamenFinal.srcs/constrs_1/new/Basys3_Master.xdc:27]
CRITICAL WARNING: [Common 17-55] 'set_property' expects at least one object. [C:/Users/gadol/Documents/Proyectos sistemas Digitales/ExamenFinal/ExamenFinal.srcs/constrs_1/new/Basys3_Master.xdc:27]
Resolution: If [get_<value>] was used to populate the object, check to make sure this command returns at least one valid object.
WARNING: [Vivado 12-584] No ports matched 'sw[7]'. [C:/Users/gadol/Documents/Proyectos sistemas Digitales/ExamenFinal/ExamenFinal.srcs/constrs_1/new/Basys3_Master.xdc:28]
CRITICAL WARNING: [Common 17-55] 'set_property' expects at least one object. [C:/Users/gadol/Documents/Proyectos sistemas Digitales/ExamenFinal/ExamenFinal.srcs/constrs_1/new/Basys3_Master.xdc:28]
Resolution: If [get_<value>] was used to populate the object, check to make sure this command returns at least one valid object.
WARNING: [Vivado 12-584] No ports matched 'LED[9]'. [C:/Users/gadol/Documents/Proyectos sistemas Digitales/ExamenFinal/ExamenFinal.srcs/constrs_1/new/Basys3_Master.xdc:66]
CRITICAL WARNING: [Common 17-55] 'set_property' expects at least one object. [C:/Users/gadol/Documents/Proyectos sistemas Digitales/ExamenFinal/ExamenFinal.srcs/constrs_1/new/Basys3_Master.xdc:66]
Resolution: If [get_<value>] was used to populate the object, check to make sure this command returns at least one valid object.
WARNING: [Vivado 12-584] No ports matched 'LED[9]'. [C:/Users/gadol/Documents/Proyectos sistemas Digitales/ExamenFinal/ExamenFinal.srcs/constrs_1/new/Basys3_Master.xdc:67]
CRITICAL WARNING: [Common 17-55] 'set_property' expects at least one object. [C:/Users/gadol/Documents/Proyectos sistemas Digitales/ExamenFinal/ExamenFinal.srcs/constrs_1/new/Basys3_Master.xdc:67]
Resolution: If [get_<value>] was used to populate the object, check to make sure this command returns at least one valid object.
WARNING: [Vivado 12-584] No ports matched 'LED[10]'. [C:/Users/gadol/Documents/Proyectos sistemas Digitales/ExamenFinal/ExamenFinal.srcs/constrs_1/new/Basys3_Master.xdc:68]
CRITICAL WARNING: [Common 17-55] 'set_property' expects at least one object. [C:/Users/gadol/Documents/Proyectos sistemas Digitales/ExamenFinal/ExamenFinal.srcs/constrs_1/new/Basys3_Master.xdc:68]
Resolution: If [get_<value>] was used to populate the object, check to make sure this command returns at least one valid object.
WARNING: [Vivado 12-584] No ports matched 'LED[10]'. [C:/Users/gadol/Documents/Proyectos sistemas Digitales/ExamenFinal/ExamenFinal.srcs/constrs_1/new/Basys3_Master.xdc:69]
CRITICAL WARNING: [Common 17-55] 'set_property' expects at least one object. [C:/Users/gadol/Documents/Proyectos sistemas Digitales/ExamenFinal/ExamenFinal.srcs/constrs_1/new/Basys3_Master.xdc:69]
Resolution: If [get_<value>] was used to populate the object, check to make sure this command returns at least one valid object.
WARNING: [Vivado 12-584] No ports matched 'LED[11]'. [C:/Users/gadol/Documents/Proyectos sistemas Digitales/ExamenFinal/ExamenFinal.srcs/constrs_1/new/Basys3_Master.xdc:70]
CRITICAL WARNING: [Common 17-55] 'set_property' expects at least one object. [C:/Users/gadol/Documents/Proyectos sistemas Digitales/ExamenFinal/ExamenFinal.srcs/constrs_1/new/Basys3_Master.xdc:70]
Resolution: If [get_<value>] was used to populate the object, check to make sure this command returns at least one valid object.
WARNING: [Vivado 12-584] No ports matched 'LED[11]'. [C:/Users/gadol/Documents/Proyectos sistemas Digitales/ExamenFinal/ExamenFinal.srcs/constrs_1/new/Basys3_Master.xdc:71]
CRITICAL WARNING: [Common 17-55] 'set_property' expects at least one object. [C:/Users/gadol/Documents/Proyectos sistemas Digitales/ExamenFinal/ExamenFinal.srcs/constrs_1/new/Basys3_Master.xdc:71]
Resolution: If [get_<value>] was used to populate the object, check to make sure this command returns at least one valid object.
WARNING: [Vivado 12-584] No ports matched 'LED[12]'. [C:/Users/gadol/Documents/Proyectos sistemas Digitales/ExamenFinal/ExamenFinal.srcs/constrs_1/new/Basys3_Master.xdc:72]
CRITICAL WARNING: [Common 17-55] 'set_property' expects at least one object. [C:/Users/gadol/Documents/Proyectos sistemas Digitales/ExamenFinal/ExamenFinal.srcs/constrs_1/new/Basys3_Master.xdc:72]
Resolution: If [get_<value>] was used to populate the object, check to make sure this command returns at least one valid object.
WARNING: [Vivado 12-584] No ports matched 'LED[12]'. [C:/Users/gadol/Documents/Proyectos sistemas Digitales/ExamenFinal/ExamenFinal.srcs/constrs_1/new/Basys3_Master.xdc:73]
CRITICAL WARNING: [Common 17-55] 'set_property' expects at least one object. [C:/Users/gadol/Documents/Proyectos sistemas Digitales/ExamenFinal/ExamenFinal.srcs/constrs_1/new/Basys3_Master.xdc:73]
Resolution: If [get_<value>] was used to populate the object, check to make sure this command returns at least one valid object.
WARNING: [Vivado 12-584] No ports matched 'LED[13]'. [C:/Users/gadol/Documents/Proyectos sistemas Digitales/ExamenFinal/ExamenFinal.srcs/constrs_1/new/Basys3_Master.xdc:74]
CRITICAL WARNING: [Common 17-55] 'set_property' expects at least one object. [C:/Users/gadol/Documents/Proyectos sistemas Digitales/ExamenFinal/ExamenFinal.srcs/constrs_1/new/Basys3_Master.xdc:74]
Resolution: If [get_<value>] was used to populate the object, check to make sure this command returns at least one valid object.
WARNING: [Vivado 12-584] No ports matched 'LED[13]'. [C:/Users/gadol/Documents/Proyectos sistemas Digitales/ExamenFinal/ExamenFinal.srcs/constrs_1/new/Basys3_Master.xdc:75]
CRITICAL WARNING: [Common 17-55] 'set_property' expects at least one object. [C:/Users/gadol/Documents/Proyectos sistemas Digitales/ExamenFinal/ExamenFinal.srcs/constrs_1/new/Basys3_Master.xdc:75]
Resolution: If [get_<value>] was used to populate the object, check to make sure this command returns at least one valid object.
WARNING: [Vivado 12-584] No ports matched 'LED[14]'. [C:/Users/gadol/Documents/Proyectos sistemas Digitales/ExamenFinal/ExamenFinal.srcs/constrs_1/new/Basys3_Master.xdc:76]
CRITICAL WARNING: [Common 17-55] 'set_property' expects at least one object. [C:/Users/gadol/Documents/Proyectos sistemas Digitales/ExamenFinal/ExamenFinal.srcs/constrs_1/new/Basys3_Master.xdc:76]
Resolution: If [get_<value>] was used to populate the object, check to make sure this command returns at least one valid object.
WARNING: [Vivado 12-584] No ports matched 'LED[14]'. [C:/Users/gadol/Documents/Proyectos sistemas Digitales/ExamenFinal/ExamenFinal.srcs/constrs_1/new/Basys3_Master.xdc:77]
CRITICAL WARNING: [Common 17-55] 'set_property' expects at least one object. [C:/Users/gadol/Documents/Proyectos sistemas Digitales/ExamenFinal/ExamenFinal.srcs/constrs_1/new/Basys3_Master.xdc:77]
Resolution: If [get_<value>] was used to populate the object, check to make sure this command returns at least one valid object.
WARNING: [Vivado 12-584] No ports matched 'LED[15]'. [C:/Users/gadol/Documents/Proyectos sistemas Digitales/ExamenFinal/ExamenFinal.srcs/constrs_1/new/Basys3_Master.xdc:78]
CRITICAL WARNING: [Common 17-55] 'set_property' expects at least one object. [C:/Users/gadol/Documents/Proyectos sistemas Digitales/ExamenFinal/ExamenFinal.srcs/constrs_1/new/Basys3_Master.xdc:78]
Resolution: If [get_<value>] was used to populate the object, check to make sure this command returns at least one valid object.
WARNING: [Vivado 12-584] No ports matched 'LED[15]'. [C:/Users/gadol/Documents/Proyectos sistemas Digitales/ExamenFinal/ExamenFinal.srcs/constrs_1/new/Basys3_Master.xdc:79]
CRITICAL WARNING: [Common 17-55] 'set_property' expects at least one object. [C:/Users/gadol/Documents/Proyectos sistemas Digitales/ExamenFinal/ExamenFinal.srcs/constrs_1/new/Basys3_Master.xdc:79]
Resolution: If [get_<value>] was used to populate the object, check to make sure this command returns at least one valid object.
WARNING: [Vivado 12-584] No ports matched 'seg[0]'. [C:/Users/gadol/Documents/Proyectos sistemas Digitales/ExamenFinal/ExamenFinal.srcs/constrs_1/new/Basys3_Master.xdc:83]
CRITICAL WARNING: [Common 17-55] 'set_property' expects at least one object. [C:/Users/gadol/Documents/Proyectos sistemas Digitales/ExamenFinal/ExamenFinal.srcs/constrs_1/new/Basys3_Master.xdc:83]
Resolution: If [get_<value>] was used to populate the object, check to make sure this command returns at least one valid object.
WARNING: [Vivado 12-584] No ports matched 'seg[0]'. [C:/Users/gadol/Documents/Proyectos sistemas Digitales/ExamenFinal/ExamenFinal.srcs/constrs_1/new/Basys3_Master.xdc:84]
CRITICAL WARNING: [Common 17-55] 'set_property' expects at least one object. [C:/Users/gadol/Documents/Proyectos sistemas Digitales/ExamenFinal/ExamenFinal.srcs/constrs_1/new/Basys3_Master.xdc:84]
Resolution: If [get_<value>] was used to populate the object, check to make sure this command returns at least one valid object.
WARNING: [Vivado 12-584] No ports matched 'seg[1]'. [C:/Users/gadol/Documents/Proyectos sistemas Digitales/ExamenFinal/ExamenFinal.srcs/constrs_1/new/Basys3_Master.xdc:85]
CRITICAL WARNING: [Common 17-55] 'set_property' expects at least one object. [C:/Users/gadol/Documents/Proyectos sistemas Digitales/ExamenFinal/ExamenFinal.srcs/constrs_1/new/Basys3_Master.xdc:85]
Resolution: If [get_<value>] was used to populate the object, check to make sure this command returns at least one valid object.
WARNING: [Vivado 12-584] No ports matched 'seg[1]'. [C:/Users/gadol/Documents/Proyectos sistemas Digitales/ExamenFinal/ExamenFinal.srcs/constrs_1/new/Basys3_Master.xdc:86]
CRITICAL WARNING: [Common 17-55] 'set_property' expects at least one object. [C:/Users/gadol/Documents/Proyectos sistemas Digitales/ExamenFinal/ExamenFinal.srcs/constrs_1/new/Basys3_Master.xdc:86]
Resolution: If [get_<value>] was used to populate the object, check to make sure this command returns at least one valid object.
WARNING: [Vivado 12-584] No ports matched 'seg[2]'. [C:/Users/gadol/Documents/Proyectos sistemas Digitales/ExamenFinal/ExamenFinal.srcs/constrs_1/new/Basys3_Master.xdc:87]
CRITICAL WARNING: [Common 17-55] 'set_property' expects at least one object. [C:/Users/gadol/Documents/Proyectos sistemas Digitales/ExamenFinal/ExamenFinal.srcs/constrs_1/new/Basys3_Master.xdc:87]
Resolution: If [get_<value>] was used to populate the object, check to make sure this command returns at least one valid object.
WARNING: [Vivado 12-584] No ports matched 'seg[2]'. [C:/Users/gadol/Documents/Proyectos sistemas Digitales/ExamenFinal/ExamenFinal.srcs/constrs_1/new/Basys3_Master.xdc:88]
CRITICAL WARNING: [Common 17-55] 'set_property' expects at least one object. [C:/Users/gadol/Documents/Proyectos sistemas Digitales/ExamenFinal/ExamenFinal.srcs/constrs_1/new/Basys3_Master.xdc:88]
Resolution: If [get_<value>] was used to populate the object, check to make sure this command returns at least one valid object.
WARNING: [Vivado 12-584] No ports matched 'seg[3]'. [C:/Users/gadol/Documents/Proyectos sistemas Digitales/ExamenFinal/ExamenFinal.srcs/constrs_1/new/Basys3_Master.xdc:89]
CRITICAL WARNING: [Common 17-55] 'set_property' expects at least one object. [C:/Users/gadol/Documents/Proyectos sistemas Digitales/ExamenFinal/ExamenFinal.srcs/constrs_1/new/Basys3_Master.xdc:89]
Resolution: If [get_<value>] was used to populate the object, check to make sure this command returns at least one valid object.
WARNING: [Vivado 12-584] No ports matched 'seg[3]'. [C:/Users/gadol/Documents/Proyectos sistemas Digitales/ExamenFinal/ExamenFinal.srcs/constrs_1/new/Basys3_Master.xdc:90]
CRITICAL WARNING: [Common 17-55] 'set_property' expects at least one object. [C:/Users/gadol/Documents/Proyectos sistemas Digitales/ExamenFinal/ExamenFinal.srcs/constrs_1/new/Basys3_Master.xdc:90]
Resolution: If [get_<value>] was used to populate the object, check to make sure this command returns at least one valid object.
WARNING: [Vivado 12-584] No ports matched 'seg[4]'. [C:/Users/gadol/Documents/Proyectos sistemas Digitales/ExamenFinal/ExamenFinal.srcs/constrs_1/new/Basys3_Master.xdc:91]
CRITICAL WARNING: [Common 17-55] 'set_property' expects at least one object. [C:/Users/gadol/Documents/Proyectos sistemas Digitales/ExamenFinal/ExamenFinal.srcs/constrs_1/new/Basys3_Master.xdc:91]
Resolution: If [get_<value>] was used to populate the object, check to make sure this command returns at least one valid object.
WARNING: [Vivado 12-584] No ports matched 'seg[4]'. [C:/Users/gadol/Documents/Proyectos sistemas Digitales/ExamenFinal/ExamenFinal.srcs/constrs_1/new/Basys3_Master.xdc:92]
CRITICAL WARNING: [Common 17-55] 'set_property' expects at least one object. [C:/Users/gadol/Documents/Proyectos sistemas Digitales/ExamenFinal/ExamenFinal.srcs/constrs_1/new/Basys3_Master.xdc:92]
Resolution: If [get_<value>] was used to populate the object, check to make sure this command returns at least one valid object.
WARNING: [Vivado 12-584] No ports matched 'seg[5]'. [C:/Users/gadol/Documents/Proyectos sistemas Digitales/ExamenFinal/ExamenFinal.srcs/constrs_1/new/Basys3_Master.xdc:93]
CRITICAL WARNING: [Common 17-55] 'set_property' expects at least one object. [C:/Users/gadol/Documents/Proyectos sistemas Digitales/ExamenFinal/ExamenFinal.srcs/constrs_1/new/Basys3_Master.xdc:93]
Resolution: If [get_<value>] was used to populate the object, check to make sure this command returns at least one valid object.
WARNING: [Vivado 12-584] No ports matched 'seg[5]'. [C:/Users/gadol/Documents/Proyectos sistemas Digitales/ExamenFinal/ExamenFinal.srcs/constrs_1/new/Basys3_Master.xdc:94]
CRITICAL WARNING: [Common 17-55] 'set_property' expects at least one object. [C:/Users/gadol/Documents/Proyectos sistemas Digitales/ExamenFinal/ExamenFinal.srcs/constrs_1/new/Basys3_Master.xdc:94]
Resolution: If [get_<value>] was used to populate the object, check to make sure this command returns at least one valid object.
WARNING: [Vivado 12-584] No ports matched 'seg[6]'. [C:/Users/gadol/Documents/Proyectos sistemas Digitales/ExamenFinal/ExamenFinal.srcs/constrs_1/new/Basys3_Master.xdc:95]
CRITICAL WARNING: [Common 17-55] 'set_property' expects at least one object. [C:/Users/gadol/Documents/Proyectos sistemas Digitales/ExamenFinal/ExamenFinal.srcs/constrs_1/new/Basys3_Master.xdc:95]
Resolution: If [get_<value>] was used to populate the object, check to make sure this command returns at least one valid object.
WARNING: [Vivado 12-584] No ports matched 'seg[6]'. [C:/Users/gadol/Documents/Proyectos sistemas Digitales/ExamenFinal/ExamenFinal.srcs/constrs_1/new/Basys3_Master.xdc:96]
CRITICAL WARNING: [Common 17-55] 'set_property' expects at least one object. [C:/Users/gadol/Documents/Proyectos sistemas Digitales/ExamenFinal/ExamenFinal.srcs/constrs_1/new/Basys3_Master.xdc:96]
Resolution: If [get_<value>] was used to populate the object, check to make sure this command returns at least one valid object.
WARNING: [Vivado 12-584] No ports matched 'dp'. [C:/Users/gadol/Documents/Proyectos sistemas Digitales/ExamenFinal/ExamenFinal.srcs/constrs_1/new/Basys3_Master.xdc:98]
CRITICAL WARNING: [Common 17-55] 'set_property' expects at least one object. [C:/Users/gadol/Documents/Proyectos sistemas Digitales/ExamenFinal/ExamenFinal.srcs/constrs_1/new/Basys3_Master.xdc:98]
Resolution: If [get_<value>] was used to populate the object, check to make sure this command returns at least one valid object.
WARNING: [Vivado 12-584] No ports matched 'dp'. [C:/Users/gadol/Documents/Proyectos sistemas Digitales/ExamenFinal/ExamenFinal.srcs/constrs_1/new/Basys3_Master.xdc:99]
CRITICAL WARNING: [Common 17-55] 'set_property' expects at least one object. [C:/Users/gadol/Documents/Proyectos sistemas Digitales/ExamenFinal/ExamenFinal.srcs/constrs_1/new/Basys3_Master.xdc:99]
Resolution: If [get_<value>] was used to populate the object, check to make sure this command returns at least one valid object.
WARNING: [Vivado 12-584] No ports matched 'an[0]'. [C:/Users/gadol/Documents/Proyectos sistemas Digitales/ExamenFinal/ExamenFinal.srcs/constrs_1/new/Basys3_Master.xdc:101]
CRITICAL WARNING: [Common 17-55] 'set_property' expects at least one object. [C:/Users/gadol/Documents/Proyectos sistemas Digitales/ExamenFinal/ExamenFinal.srcs/constrs_1/new/Basys3_Master.xdc:101]
Resolution: If [get_<value>] was used to populate the object, check to make sure this command returns at least one valid object.
WARNING: [Vivado 12-584] No ports matched 'an[0]'. [C:/Users/gadol/Documents/Proyectos sistemas Digitales/ExamenFinal/ExamenFinal.srcs/constrs_1/new/Basys3_Master.xdc:102]
CRITICAL WARNING: [Common 17-55] 'set_property' expects at least one object. [C:/Users/gadol/Documents/Proyectos sistemas Digitales/ExamenFinal/ExamenFinal.srcs/constrs_1/new/Basys3_Master.xdc:102]
Resolution: If [get_<value>] was used to populate the object, check to make sure this command returns at least one valid object.
WARNING: [Vivado 12-584] No ports matched 'an[1]'. [C:/Users/gadol/Documents/Proyectos sistemas Digitales/ExamenFinal/ExamenFinal.srcs/constrs_1/new/Basys3_Master.xdc:103]
CRITICAL WARNING: [Common 17-55] 'set_property' expects at least one object. [C:/Users/gadol/Documents/Proyectos sistemas Digitales/ExamenFinal/ExamenFinal.srcs/constrs_1/new/Basys3_Master.xdc:103]
Resolution: If [get_<value>] was used to populate the object, check to make sure this command returns at least one valid object.
WARNING: [Vivado 12-584] No ports matched 'an[1]'. [C:/Users/gadol/Documents/Proyectos sistemas Digitales/ExamenFinal/ExamenFinal.srcs/constrs_1/new/Basys3_Master.xdc:104]
CRITICAL WARNING: [Common 17-55] 'set_property' expects at least one object. [C:/Users/gadol/Documents/Proyectos sistemas Digitales/ExamenFinal/ExamenFinal.srcs/constrs_1/new/Basys3_Master.xdc:104]
Resolution: If [get_<value>] was used to populate the object, check to make sure this command returns at least one valid object.
WARNING: [Vivado 12-584] No ports matched 'an[2]'. [C:/Users/gadol/Documents/Proyectos sistemas Digitales/ExamenFinal/ExamenFinal.srcs/constrs_1/new/Basys3_Master.xdc:105]
CRITICAL WARNING: [Common 17-55] 'set_property' expects at least one object. [C:/Users/gadol/Documents/Proyectos sistemas Digitales/ExamenFinal/ExamenFinal.srcs/constrs_1/new/Basys3_Master.xdc:105]
Resolution: If [get_<value>] was used to populate the object, check to make sure this command returns at least one valid object.
WARNING: [Vivado 12-584] No ports matched 'an[2]'. [C:/Users/gadol/Documents/Proyectos sistemas Digitales/ExamenFinal/ExamenFinal.srcs/constrs_1/new/Basys3_Master.xdc:106]
CRITICAL WARNING: [Common 17-55] 'set_property' expects at least one object. [C:/Users/gadol/Documents/Proyectos sistemas Digitales/ExamenFinal/ExamenFinal.srcs/constrs_1/new/Basys3_Master.xdc:106]
Resolution: If [get_<value>] was used to populate the object, check to make sure this command returns at least one valid object.
WARNING: [Vivado 12-584] No ports matched 'an[3]'. [C:/Users/gadol/Documents/Proyectos sistemas Digitales/ExamenFinal/ExamenFinal.srcs/constrs_1/new/Basys3_Master.xdc:107]
CRITICAL WARNING: [Common 17-55] 'set_property' expects at least one object. [C:/Users/gadol/Documents/Proyectos sistemas Digitales/ExamenFinal/ExamenFinal.srcs/constrs_1/new/Basys3_Master.xdc:107]
Resolution: If [get_<value>] was used to populate the object, check to make sure this command returns at least one valid object.
WARNING: [Vivado 12-584] No ports matched 'an[3]'. [C:/Users/gadol/Documents/Proyectos sistemas Digitales/ExamenFinal/ExamenFinal.srcs/constrs_1/new/Basys3_Master.xdc:108]
CRITICAL WARNING: [Common 17-55] 'set_property' expects at least one object. [C:/Users/gadol/Documents/Proyectos sistemas Digitales/ExamenFinal/ExamenFinal.srcs/constrs_1/new/Basys3_Master.xdc:108]
Resolution: If [get_<value>] was used to populate the object, check to make sure this command returns at least one valid object.
WARNING: [Vivado 12-584] No ports matched 'vauxp6'. [C:/Users/gadol/Documents/Proyectos sistemas Digitales/ExamenFinal/ExamenFinal.srcs/constrs_1/new/Basys3_Master.xdc:210]
CRITICAL WARNING: [Common 17-55] 'set_property' expects at least one object. [C:/Users/gadol/Documents/Proyectos sistemas Digitales/ExamenFinal/ExamenFinal.srcs/constrs_1/new/Basys3_Master.xdc:210]
Resolution: If [get_<value>] was used to populate the object, check to make sure this command returns at least one valid object.
WARNING: [Vivado 12-584] No ports matched 'vauxp6'. [C:/Users/gadol/Documents/Proyectos sistemas Digitales/ExamenFinal/ExamenFinal.srcs/constrs_1/new/Basys3_Master.xdc:211]
CRITICAL WARNING: [Common 17-55] 'set_property' expects at least one object. [C:/Users/gadol/Documents/Proyectos sistemas Digitales/ExamenFinal/ExamenFinal.srcs/constrs_1/new/Basys3_Master.xdc:211]
Resolution: If [get_<value>] was used to populate the object, check to make sure this command returns at least one valid object.
WARNING: [Vivado 12-584] No ports matched 'vauxp14'. [C:/Users/gadol/Documents/Proyectos sistemas Digitales/ExamenFinal/ExamenFinal.srcs/constrs_1/new/Basys3_Master.xdc:213]
CRITICAL WARNING: [Common 17-55] 'set_property' expects at least one object. [C:/Users/gadol/Documents/Proyectos sistemas Digitales/ExamenFinal/ExamenFinal.srcs/constrs_1/new/Basys3_Master.xdc:213]
Resolution: If [get_<value>] was used to populate the object, check to make sure this command returns at least one valid object.
WARNING: [Vivado 12-584] No ports matched 'vauxp14'. [C:/Users/gadol/Documents/Proyectos sistemas Digitales/ExamenFinal/ExamenFinal.srcs/constrs_1/new/Basys3_Master.xdc:214]
CRITICAL WARNING: [Common 17-55] 'set_property' expects at least one object. [C:/Users/gadol/Documents/Proyectos sistemas Digitales/ExamenFinal/ExamenFinal.srcs/constrs_1/new/Basys3_Master.xdc:214]
Resolution: If [get_<value>] was used to populate the object, check to make sure this command returns at least one valid object.
WARNING: [Vivado 12-584] No ports matched 'vauxp7'. [C:/Users/gadol/Documents/Proyectos sistemas Digitales/ExamenFinal/ExamenFinal.srcs/constrs_1/new/Basys3_Master.xdc:216]
CRITICAL WARNING: [Common 17-55] 'set_property' expects at least one object. [C:/Users/gadol/Documents/Proyectos sistemas Digitales/ExamenFinal/ExamenFinal.srcs/constrs_1/new/Basys3_Master.xdc:216]
Resolution: If [get_<value>] was used to populate the object, check to make sure this command returns at least one valid object.
WARNING: [Vivado 12-584] No ports matched 'vauxp7'. [C:/Users/gadol/Documents/Proyectos sistemas Digitales/ExamenFinal/ExamenFinal.srcs/constrs_1/new/Basys3_Master.xdc:217]
CRITICAL WARNING: [Common 17-55] 'set_property' expects at least one object. [C:/Users/gadol/Documents/Proyectos sistemas Digitales/ExamenFinal/ExamenFinal.srcs/constrs_1/new/Basys3_Master.xdc:217]
Resolution: If [get_<value>] was used to populate the object, check to make sure this command returns at least one valid object.
WARNING: [Vivado 12-584] No ports matched 'vauxp15'. [C:/Users/gadol/Documents/Proyectos sistemas Digitales/ExamenFinal/ExamenFinal.srcs/constrs_1/new/Basys3_Master.xdc:219]
CRITICAL WARNING: [Common 17-55] 'set_property' expects at least one object. [C:/Users/gadol/Documents/Proyectos sistemas Digitales/ExamenFinal/ExamenFinal.srcs/constrs_1/new/Basys3_Master.xdc:219]
Resolution: If [get_<value>] was used to populate the object, check to make sure this command returns at least one valid object.
WARNING: [Vivado 12-584] No ports matched 'vauxp15'. [C:/Users/gadol/Documents/Proyectos sistemas Digitales/ExamenFinal/ExamenFinal.srcs/constrs_1/new/Basys3_Master.xdc:220]
CRITICAL WARNING: [Common 17-55] 'set_property' expects at least one object. [C:/Users/gadol/Documents/Proyectos sistemas Digitales/ExamenFinal/ExamenFinal.srcs/constrs_1/new/Basys3_Master.xdc:220]
Resolution: If [get_<value>] was used to populate the object, check to make sure this command returns at least one valid object.
WARNING: [Vivado 12-584] No ports matched 'vauxn6'. [C:/Users/gadol/Documents/Proyectos sistemas Digitales/ExamenFinal/ExamenFinal.srcs/constrs_1/new/Basys3_Master.xdc:222]
CRITICAL WARNING: [Common 17-55] 'set_property' expects at least one object. [C:/Users/gadol/Documents/Proyectos sistemas Digitales/ExamenFinal/ExamenFinal.srcs/constrs_1/new/Basys3_Master.xdc:222]
Resolution: If [get_<value>] was used to populate the object, check to make sure this command returns at least one valid object.
WARNING: [Vivado 12-584] No ports matched 'vauxn6'. [C:/Users/gadol/Documents/Proyectos sistemas Digitales/ExamenFinal/ExamenFinal.srcs/constrs_1/new/Basys3_Master.xdc:223]
CRITICAL WARNING: [Common 17-55] 'set_property' expects at least one object. [C:/Users/gadol/Documents/Proyectos sistemas Digitales/ExamenFinal/ExamenFinal.srcs/constrs_1/new/Basys3_Master.xdc:223]
Resolution: If [get_<value>] was used to populate the object, check to make sure this command returns at least one valid object.
WARNING: [Vivado 12-584] No ports matched 'vauxn14'. [C:/Users/gadol/Documents/Proyectos sistemas Digitales/ExamenFinal/ExamenFinal.srcs/constrs_1/new/Basys3_Master.xdc:225]
CRITICAL WARNING: [Common 17-55] 'set_property' expects at least one object. [C:/Users/gadol/Documents/Proyectos sistemas Digitales/ExamenFinal/ExamenFinal.srcs/constrs_1/new/Basys3_Master.xdc:225]
Resolution: If [get_<value>] was used to populate the object, check to make sure this command returns at least one valid object.
WARNING: [Vivado 12-584] No ports matched 'vauxn14'. [C:/Users/gadol/Documents/Proyectos sistemas Digitales/ExamenFinal/ExamenFinal.srcs/constrs_1/new/Basys3_Master.xdc:226]
CRITICAL WARNING: [Common 17-55] 'set_property' expects at least one object. [C:/Users/gadol/Documents/Proyectos sistemas Digitales/ExamenFinal/ExamenFinal.srcs/constrs_1/new/Basys3_Master.xdc:226]
Resolution: If [get_<value>] was used to populate the object, check to make sure this command returns at least one valid object.
WARNING: [Vivado 12-584] No ports matched 'vauxn7'. [C:/Users/gadol/Documents/Proyectos sistemas Digitales/ExamenFinal/ExamenFinal.srcs/constrs_1/new/Basys3_Master.xdc:228]
CRITICAL WARNING: [Common 17-55] 'set_property' expects at least one object. [C:/Users/gadol/Documents/Proyectos sistemas Digitales/ExamenFinal/ExamenFinal.srcs/constrs_1/new/Basys3_Master.xdc:228]
Resolution: If [get_<value>] was used to populate the object, check to make sure this command returns at least one valid object.
WARNING: [Vivado 12-584] No ports matched 'vauxn7'. [C:/Users/gadol/Documents/Proyectos sistemas Digitales/ExamenFinal/ExamenFinal.srcs/constrs_1/new/Basys3_Master.xdc:229]
CRITICAL WARNING: [Common 17-55] 'set_property' expects at least one object. [C:/Users/gadol/Documents/Proyectos sistemas Digitales/ExamenFinal/ExamenFinal.srcs/constrs_1/new/Basys3_Master.xdc:229]
Resolution: If [get_<value>] was used to populate the object, check to make sure this command returns at least one valid object.
WARNING: [Vivado 12-584] No ports matched 'vauxn15'. [C:/Users/gadol/Documents/Proyectos sistemas Digitales/ExamenFinal/ExamenFinal.srcs/constrs_1/new/Basys3_Master.xdc:231]
CRITICAL WARNING: [Common 17-55] 'set_property' expects at least one object. [C:/Users/gadol/Documents/Proyectos sistemas Digitales/ExamenFinal/ExamenFinal.srcs/constrs_1/new/Basys3_Master.xdc:231]
Resolution: If [get_<value>] was used to populate the object, check to make sure this command returns at least one valid object.
WARNING: [Vivado 12-584] No ports matched 'vauxn15'. [C:/Users/gadol/Documents/Proyectos sistemas Digitales/ExamenFinal/ExamenFinal.srcs/constrs_1/new/Basys3_Master.xdc:232]
CRITICAL WARNING: [Common 17-55] 'set_property' expects at least one object. [C:/Users/gadol/Documents/Proyectos sistemas Digitales/ExamenFinal/ExamenFinal.srcs/constrs_1/new/Basys3_Master.xdc:232]
Resolution: If [get_<value>] was used to populate the object, check to make sure this command returns at least one valid object.
Finished Parsing XDC File [C:/Users/gadol/Documents/Proyectos sistemas Digitales/ExamenFinal/ExamenFinal.srcs/constrs_1/new/Basys3_Master.xdc]
INFO: [Project 1-236] Implementation specific constraints were found while reading constraint file [C:/Users/gadol/Documents/Proyectos sistemas Digitales/ExamenFinal/ExamenFinal.srcs/constrs_1/new/Basys3_Master.xdc]. These constraints will be ignored for synthesis but will be used in implementation. Impacted constraints are listed in the file [.Xil/fsm_propImpl.xdc].
Resolution: To avoid this warning, move constraints listed in [.Xil/fsm_propImpl.xdc] to another XDC file and exclude this new file from synthesis with the used_in_synthesis property (File Properties dialog in GUI) and re-run elaboration/synthesis.
Completed Processing XDC Constraints

Netlist sorting complete. Time (s): cpu = 00:00:00 ; elapsed = 00:00:00 . Memory (MB): peak = 1455.141 ; gain = 0.000
INFO: [Project 1-111] Unisim Transformation Summary:
No Unisim elements were transformed.

Acceso denegado.
Constraint Validation Runtime : Time (s): cpu = 00:00:00 ; elapsed = 00:00:00.005 . Memory (MB): peak = 1455.141 ; gain = 0.000
INFO: [Designutils 20-5440] No compile time benefit to using incremental synthesis; A full resynthesis will be run
INFO: [Designutils 20-4379] Flow is switching to default flow due to incremental criteria not met. If you would like to alter this behaviour and have the flow terminate instead, please set the following parameter config_implementation {autoIncr.Synth.RejectBehavior Terminate}
---------------------------------------------------------------------------------
Finished Constraint Validation : Time (s): cpu = 00:00:22 ; elapsed = 00:00:23 . Memory (MB): peak = 1455.141 ; gain = 585.383
---------------------------------------------------------------------------------
---------------------------------------------------------------------------------
Start Loading Part and Timing Information
---------------------------------------------------------------------------------
Loading part: xc7a35tcpg236-1
---------------------------------------------------------------------------------
Finished Loading Part and Timing Information : Time (s): cpu = 00:00:22 ; elapsed = 00:00:23 . Memory (MB): peak = 1455.141 ; gain = 585.383
---------------------------------------------------------------------------------
---------------------------------------------------------------------------------
Start Applying 'set_property' XDC Constraints
---------------------------------------------------------------------------------
---------------------------------------------------------------------------------
Finished applying 'set_property' XDC Constraints : Time (s): cpu = 00:00:22 ; elapsed = 00:00:23 . Memory (MB): peak = 1455.141 ; gain = 585.383
---------------------------------------------------------------------------------
INFO: [Synth 8-802] inferred FSM for state register 'state_reg' in module 'fsm_logic'
---------------------------------------------------------------------------------------------------
                   State |                     New Encoding |                Previous Encoding 
---------------------------------------------------------------------------------------------------
                      S0 |                             0001 |                               00
                      S1 |                             0010 |                               01
                      S2 |                             0100 |                               10
                      S3 |                             1000 |                               11
---------------------------------------------------------------------------------------------------
INFO: [Synth 8-3354] encoded FSM with state register 'state_reg' using encoding 'one-hot' in module 'fsm_logic'
---------------------------------------------------------------------------------
Finished RTL Optimization Phase 2 : Time (s): cpu = 00:00:23 ; elapsed = 00:00:24 . Memory (MB): peak = 1455.141 ; gain = 585.383
---------------------------------------------------------------------------------
---------------------------------------------------------------------------------
Start RTL Component Statistics 
---------------------------------------------------------------------------------
Detailed RTL Component Info : 
+---Muxes : 
	   4 Input    4 Bit        Muxes := 1     
	   2 Input    4 Bit        Muxes := 3     
	   4 Input    1 Bit        Muxes := 2     
---------------------------------------------------------------------------------
Finished RTL Component Statistics 
---------------------------------------------------------------------------------
---------------------------------------------------------------------------------
Start Part Resource Summary
---------------------------------------------------------------------------------
Part Resources:
DSPs: 90 (col length:60)
BRAMs: 100 (col length: RAMB18 60 RAMB36 30)
---------------------------------------------------------------------------------
Finished Part Resource Summary
---------------------------------------------------------------------------------
---------------------------------------------------------------------------------
Start Cross Boundary and Area Optimization
---------------------------------------------------------------------------------
WARNING: [Synth 8-7080] Parallel synthesis criteria is not met
WARNING: [Synth 8-7129] Port LED[7] in module fsm is either unconnected or has no load
WARNING: [Synth 8-7129] Port LED[3] in module fsm is either unconnected or has no load
---------------------------------------------------------------------------------
Finished Cross Boundary and Area Optimization : Time (s): cpu = 00:00:27 ; elapsed = 00:00:29 . Memory (MB): peak = 1455.141 ; gain = 585.383
---------------------------------------------------------------------------------
---------------------------------------------------------------------------------
Start Applying XDC Timing Constraints
---------------------------------------------------------------------------------
---------------------------------------------------------------------------------
Finished Applying XDC Timing Constraints : Time (s): cpu = 00:00:36 ; elapsed = 00:00:39 . Memory (MB): peak = 1455.141 ; gain = 585.383
---------------------------------------------------------------------------------
---------------------------------------------------------------------------------
Start Timing Optimization
---------------------------------------------------------------------------------
---------------------------------------------------------------------------------
Finished Timing Optimization : Time (s): cpu = 00:00:36 ; elapsed = 00:00:39 . Memory (MB): peak = 1455.141 ; gain = 585.383
---------------------------------------------------------------------------------
---------------------------------------------------------------------------------
Start Technology Mapping
---------------------------------------------------------------------------------
---------------------------------------------------------------------------------
Finished Technology Mapping : Time (s): cpu = 00:00:36 ; elapsed = 00:00:39 . Memory (MB): peak = 1455.141 ; gain = 585.383
---------------------------------------------------------------------------------
---------------------------------------------------------------------------------
Start IO Insertion
---------------------------------------------------------------------------------
---------------------------------------------------------------------------------
Start Flattening Before IO Insertion
---------------------------------------------------------------------------------
---------------------------------------------------------------------------------
Finished Flattening Before IO Insertion
---------------------------------------------------------------------------------
---------------------------------------------------------------------------------
Start Final Netlist Cleanup
---------------------------------------------------------------------------------
---------------------------------------------------------------------------------
Finished Final Netlist Cleanup
---------------------------------------------------------------------------------
---------------------------------------------------------------------------------
Finished IO Insertion : Time (s): cpu = 00:00:43 ; elapsed = 00:00:47 . Memory (MB): peak = 1455.141 ; gain = 585.383
---------------------------------------------------------------------------------
---------------------------------------------------------------------------------
Start Renaming Generated Instances
---------------------------------------------------------------------------------
---------------------------------------------------------------------------------
Finished Renaming Generated Instances : Time (s): cpu = 00:00:43 ; elapsed = 00:00:47 . Memory (MB): peak = 1455.141 ; gain = 585.383
---------------------------------------------------------------------------------
---------------------------------------------------------------------------------
Start Rebuilding User Hierarchy
---------------------------------------------------------------------------------
---------------------------------------------------------------------------------
Finished Rebuilding User Hierarchy : Time (s): cpu = 00:00:43 ; elapsed = 00:00:47 . Memory (MB): peak = 1455.141 ; gain = 585.383
---------------------------------------------------------------------------------
---------------------------------------------------------------------------------
Start Renaming Generated Ports
---------------------------------------------------------------------------------
---------------------------------------------------------------------------------
Finished Renaming Generated Ports : Time (s): cpu = 00:00:43 ; elapsed = 00:00:47 . Memory (MB): peak = 1455.141 ; gain = 585.383
---------------------------------------------------------------------------------
---------------------------------------------------------------------------------
Start Handling Custom Attributes
---------------------------------------------------------------------------------
---------------------------------------------------------------------------------
Finished Handling Custom Attributes : Time (s): cpu = 00:00:43 ; elapsed = 00:00:47 . Memory (MB): peak = 1455.141 ; gain = 585.383
---------------------------------------------------------------------------------
---------------------------------------------------------------------------------
Start Renaming Generated Nets
---------------------------------------------------------------------------------
---------------------------------------------------------------------------------
Finished Renaming Generated Nets : Time (s): cpu = 00:00:43 ; elapsed = 00:00:47 . Memory (MB): peak = 1455.141 ; gain = 585.383
---------------------------------------------------------------------------------
---------------------------------------------------------------------------------
Start Writing Synthesis Report
---------------------------------------------------------------------------------

Report BlackBoxes: 
+-+--------------+----------+
| |BlackBox name |Instances |
+-+--------------+----------+
+-+--------------+----------+

Report Cell Usage: 
+------+-------+------+
|      |Cell   |Count |
+------+-------+------+
|1     |BUFG   |     1|
|2     |CARRY4 |     7|
|3     |LUT1   |     1|
|4     |LUT2   |     2|
|5     |LUT4   |     2|
|6     |LUT5   |     4|
|7     |LUT6   |     1|
|8     |FDCE   |     3|
|9     |FDPE   |     1|
|10    |FDRE   |    27|
|11    |IBUF   |     7|
|12    |OBUF   |     7|
|13    |OBUFT  |     2|
+------+-------+------+
---------------------------------------------------------------------------------
Finished Writing Synthesis Report : Time (s): cpu = 00:00:43 ; elapsed = 00:00:47 . Memory (MB): peak = 1455.141 ; gain = 585.383
---------------------------------------------------------------------------------
Synthesis finished with 0 errors, 0 critical warnings and 3 warnings.
Synthesis Optimization Runtime : Time (s): cpu = 00:00:30 ; elapsed = 00:00:44 . Memory (MB): peak = 1455.141 ; gain = 547.477
Synthesis Optimization Complete : Time (s): cpu = 00:00:43 ; elapsed = 00:00:47 . Memory (MB): peak = 1455.141 ; gain = 585.383
INFO: [Project 1-571] Translating synthesized netlist
Netlist sorting complete. Time (s): cpu = 00:00:00 ; elapsed = 00:00:00 . Memory (MB): peak = 1455.141 ; gain = 0.000
INFO: [Netlist 29-17] Analyzing 7 Unisim elements for replacement
INFO: [Netlist 29-28] Unisim Transformation completed in 1 CPU seconds
INFO: [Project 1-570] Preparing netlist for logic optimization
INFO: [Opt 31-138] Pushed 0 inverter(s) to 0 load pin(s).
Netlist sorting complete. Time (s): cpu = 00:00:00 ; elapsed = 00:00:00 . Memory (MB): peak = 1455.141 ; gain = 0.000
INFO: [Project 1-111] Unisim Transformation Summary:
No Unisim elements were transformed.

Acceso denegado.
Synth Design complete | Checksum: 2afebefb
INFO: [Common 17-83] Releasing license: Synthesis
32 Infos, 86 Warnings, 58 Critical Warnings and 0 Errors encountered.
synth_design completed successfully
synth_design: Time (s): cpu = 00:00:50 ; elapsed = 00:00:54 . Memory (MB): peak = 1455.141 ; gain = 977.816
INFO: [runtcl-6] Synthesis results are not added to the cache due to CRITICAL_WARNING
Write ShapeDB Complete: Time (s): cpu = 00:00:00 ; elapsed = 00:00:00.001 . Memory (MB): peak = 1455.141 ; gain = 0.000
INFO: [Common 17-1381] The checkpoint 'C:/Users/gadol/Documents/Proyectos sistemas Digitales/ExamenFinal/ExamenFinal.runs/synth_1/fsm.dcp' has been generated.
INFO: [runtcl-4] Executing : report_utilization -file fsm_utilization_synth.rpt -pb fsm_utilization_synth.pb
INFO: [Common 17-206] Exiting Vivado at Mon May 13 23:19:15 2024...
